<?xml version="1.0" encoding="UTF-8"?>
<testsuite xmlns:xsi="http://www.w3.org/2001/XMLSchema-instance" xsi:noNamespaceSchemaLocation="https://maven.apache.org/surefire/maven-surefire-plugin/xsd/surefire-test-report.xsd" version="3.0.2" name="com.example.demo.Controller.ExerciseControllerTest" time="0.211" tests="3" errors="0" skipped="0" failures="0">
  <properties>
[...]
</properties>
  <testcase name="testGetUsers" classname="com.example.demo.Controller.ExerciseControllerTest" time="0.198"/>
  <testcase name="testGetExercise" classname="com.example.demo.Controller.ExerciseControllerTest" time="0.002"/>
  <testcase name="testGetExercisesByCategory" classname="com.example.demo.Controller.ExerciseControllerTest" time="0.002">
    <system-out><![CDATA[Strength
]]></system-out>
  </testcase>
</testsuite>